<?xml version="1.0" encoding="UTF-8"?>
<testng-results ignored="0" total="1" passed="1" failed="0" skipped="0">
  <reporter-output>
  </reporter-output>
  <suite started-at="2024-01-18T18:38:41 IST" name="Default suite" finished-at="2024-01-18T18:38:58 IST" duration-ms="17023">
    <groups>
    </groups>
    <test started-at="2024-01-18T18:38:41 IST" name="Default test" finished-at="2024-01-18T18:38:58 IST" duration-ms="17023">
      <class name="presolv.Automationprac">
        <test-method signature="f()[pri:0, instance:presolv.Automationprac@1972e513]" started-at="2024-01-18T18:38:41 IST" name="f" finished-at="2024-01-18T18:38:58 IST" duration-ms="16984" status="PASS">
          <reporter-output>
          </reporter-output>
        </test-method> <!-- f -->
      </class> <!-- presolv.Automationprac -->
    </test> <!-- Default test -->
  </suite> <!-- Default suite -->
</testng-results>
